<?xml version="1.0" encoding="UTF-8" ?>
<testsuite failures="0" time="0.071" errors="0" skipped="0" tests="6" name="com.skirpichenok.tcpserver.TcpServerTest">
  <properties>
[...]
</properties>
  <testcase time="0.038" classname="com.skirpichenok.tcpserver.TcpServerTest" name="shouldSuccessStartAndShutdown"/>
  <testcase time="0.003" classname="com.skirpichenok.tcpserver.TcpServerTest" name="shouldFailWhenStartTwice"/>
  <testcase time="0.005" classname="com.skirpichenok.tcpserver.TcpServerTest" name="shouldSuccessShutdownTwice"/>
  <testcase time="0.001" classname="com.skirpichenok.tcpserver.TcpServerTest" name="shouldSuccessShutdownWithoutStart"/>
  <testcase time="0" classname="com.skirpichenok.tcpserver.TcpServerTest" name="shouldFailWhenCreateWithNullConfig"/>
  <testcase time="0.024" classname="com.skirpichenok.tcpserver.TcpServerTest" name="shouldSuccessStartAndShutdownWithThreeWorkers"/>
</testsuite>